\BOOKMARK [0][-]{section*.2}{\376\377\000D\000A\000F\000T\000A\000R\000\040\000I\000S\000I}{}% 1
\BOOKMARK [0][-]{chapter.1}{\376\377\000P\000E\000N\000D\000A\000H\000U\000L\000U\000A\000N}{}% 2
\BOOKMARK [1][-]{section.1.1}{\376\377\000L\000a\000t\000a\000r\000\040\000B\000e\000l\000a\000k\000a\000n\000g}{chapter.1}% 3
\BOOKMARK [1][-]{section.1.2}{\376\377\000R\000u\000m\000u\000s\000a\000n\000\040\000M\000a\000s\000a\000l\000a\000h}{chapter.1}% 4
\BOOKMARK [1][-]{section.1.3}{\376\377\000T\000u\000j\000u\000a\000n\000\040\000P\000e\000n\000e\000l\000i\000t\000i\000a\000n}{chapter.1}% 5
\BOOKMARK [1][-]{section.1.4}{\376\377\000B\000a\000t\000a\000s\000a\000n\000\040\000M\000a\000s\000a\000l\000a\000h}{chapter.1}% 6
\BOOKMARK [1][-]{section.1.5}{\376\377\000K\000o\000n\000t\000r\000i\000b\000u\000s\000i\000\040\000P\000e\000n\000e\000l\000i\000t\000i\000a\000n}{chapter.1}% 7
\BOOKMARK [0][-]{chapter.2}{\376\377\000T\000I\000N\000J\000A\000U\000A\000N\000\040\000P\000U\000S\000T\000A\000K\000A}{}% 8
\BOOKMARK [1][-]{section.2.1}{\376\377\000P\000e\000n\000e\000l\000i\000t\000i\000a\000n\000\040\000T\000e\000r\000k\000a\000i\000t}{chapter.2}% 9
\BOOKMARK [2][-]{subsection.2.1.1}{\376\377\000S\000i\000s\000t\000e\000m\000\040\000S\000m\000a\000r\000t\000\040\000L\000o\000c\000k\000e\000r\000\040\000d\000a\000n\000\040\000A\000k\000s\000e\000s\000\040\000K\000e\000a\000m\000a\000n\000a\000n}{section.2.1}% 10
\BOOKMARK [2][-]{subsection.2.1.2}{\376\377\000I\000n\000t\000e\000g\000r\000a\000s\000i\000\040\000I\000o\000T\000\040\000d\000i\000\040\000L\000i\000n\000g\000k\000u\000n\000g\000a\000n\000\040\000K\000a\000m\000p\000u\000s}{section.2.1}% 11
\BOOKMARK [2][-]{subsection.2.1.3}{\376\377\000P\000e\000n\000e\000r\000a\000p\000a\000n\000\040\000M\000a\000c\000h\000i\000n\000e\000\040\000L\000e\000a\000r\000n\000i\000n\000g\000\040\000p\000a\000d\000a\000\040\000F\000a\000s\000i\000l\000i\000t\000a\000s\000\040\000P\000u\000b\000l\000i\000k}{section.2.1}% 12
\BOOKMARK [2][-]{subsection.2.1.4}{\376\377\000P\000o\000s\000i\000s\000i\000\040\000P\000e\000n\000e\000l\000i\000t\000i\000a\000n\000\040\000\050\000R\000e\000s\000e\000a\000r\000c\000h\000\040\000G\000a\000p\000\051}{section.2.1}% 13
\BOOKMARK [1][-]{section.2.2}{\376\377\000L\000a\000n\000d\000a\000s\000a\000n\000\040\000T\000e\000o\000r\000i}{chapter.2}% 14
\BOOKMARK [2][-]{subsection.2.2.1}{\376\377\000I\000n\000t\000e\000r\000n\000e\000t\000\040\000o\000f\000\040\000T\000h\000i\000n\000g\000s\000\040\000\050\000I\000o\000T\000\051\000\040\000d\000a\000n\000\040\000E\000S\000P\0003\0002}{section.2.2}% 15
\BOOKMARK [2][-]{subsection.2.2.2}{\376\377\000S\000o\000l\000e\000n\000o\000i\000d\000\040\000D\000o\000o\000r\000\040\000L\000o\000c\000k}{section.2.2}% 16
\BOOKMARK [2][-]{subsection.2.2.3}{\376\377\000M\000a\000c\000h\000i\000n\000e\000\040\000L\000e\000a\000r\000n\000i\000n\000g\000:\000\040\000S\000u\000p\000p\000o\000r\000t\000\040\000V\000e\000c\000t\000o\000r\000\040\000R\000e\000g\000r\000e\000s\000s\000i\000o\000n\000\040\000\050\000S\000V\000R\000\051}{section.2.2}% 17
\BOOKMARK [2][-]{subsection.2.2.4}{\376\377\000S\000y\000s\000t\000e\000m\000\040\000U\000s\000a\000b\000i\000l\000i\000t\000y\000\040\000S\000c\000a\000l\000e\000\040\000\050\000S\000U\000S\000\051}{section.2.2}% 18
\BOOKMARK [1][-]{section.2.3}{\376\377\000K\000e\000r\000a\000n\000g\000k\000a\000\040\000P\000e\000m\000i\000k\000i\000r\000a\000n}{chapter.2}% 19
\BOOKMARK [0][-]{chapter.3}{\376\377\000M\000E\000T\000O\000D\000E\000\040\000P\000E\000N\000E\000L\000I\000T\000I\000A\000N}{}% 20
\BOOKMARK [1][-]{section.3.1}{\376\377\000A\000l\000u\000r\000\040\000P\000e\000n\000e\000l\000i\000t\000i\000a\000n}{chapter.3}% 21
\BOOKMARK [1][-]{section.3.2}{\376\377\000A\000l\000a\000t\000\040\000d\000a\000n\000\040\000B\000a\000h\000a\000n}{chapter.3}% 22
\BOOKMARK [2][-]{subsection.3.2.1}{\376\377\000P\000e\000r\000a\000n\000g\000k\000a\000t\000\040\000K\000e\000r\000a\000s\000\040\000\050\000H\000a\000r\000d\000w\000a\000r\000e\000\051}{section.3.2}% 23
\BOOKMARK [2][-]{subsection.3.2.2}{\376\377\000P\000e\000r\000a\000n\000g\000k\000a\000t\000\040\000L\000u\000n\000a\000k\000\040\000\050\000S\000o\000f\000t\000w\000a\000r\000e\000\051}{section.3.2}% 24
\BOOKMARK [1][-]{section.3.3}{\376\377\000M\000e\000t\000o\000d\000e\000\040\000P\000e\000n\000g\000u\000m\000p\000u\000l\000a\000n\000\040\000D\000a\000t\000a}{chapter.3}% 25
\BOOKMARK [1][-]{section.3.4}{\376\377\000P\000e\000r\000a\000n\000c\000a\000n\000g\000a\000n\000\040\000S\000i\000s\000t\000e\000m}{chapter.3}% 26
\BOOKMARK [2][-]{subsection.3.4.1}{\376\377\000A\000r\000s\000i\000t\000e\000k\000t\000u\000r\000\040\000I\000o\000T}{section.3.4}% 27
\BOOKMARK [3][-]{subsubsection.3.4.1.1}{\376\377\000A\000.\000\040\000L\000a\000y\000e\000r\000\040\000P\000e\000r\000a\000n\000g\000k\000a\000t\000\040\000K\000e\000r\000a\000s\000\040\000\050\000H\000a\000r\000d\000w\000a\000r\000e\000\040\000L\000a\000y\000e\000r\000\051}{subsection.3.4.1}% 28
\BOOKMARK [3][-]{subsubsection.3.4.1.2}{\376\377\000B\000.\000\040\000L\000a\000y\000e\000r\000\040\000K\000o\000m\000u\000n\000i\000k\000a\000s\000i\000\040\000\050\000C\000o\000m\000m\000u\000n\000i\000c\000a\000t\000i\000o\000n\000\040\000L\000a\000y\000e\000r\000\051}{subsection.3.4.1}% 29
\BOOKMARK [3][-]{subsubsection.3.4.1.3}{\376\377\000C\000.\000\040\000L\000a\000y\000e\000r\000\040\000B\000a\000c\000k\000e\000n\000d\000\040\000\050\000S\000e\000r\000v\000e\000r\000\040\000L\000a\000y\000e\000r\000\051}{subsection.3.4.1}% 30
\BOOKMARK [2][-]{subsection.3.4.2}{\376\377\000A\000p\000l\000i\000k\000a\000s\000i\000\040\000M\000o\000b\000i\000l\000e}{section.3.4}% 31
\BOOKMARK [2][-]{subsection.3.4.3}{\376\377\000M\000o\000d\000e\000l\000\040\000M\000a\000c\000h\000i\000n\000e\000\040\000L\000e\000a\000r\000n\000i\000n\000g}{section.3.4}% 32
\BOOKMARK [3][-]{subsubsection.3.4.3.1}{\376\377\000A\000.\000\040\000F\000e\000a\000t\000u\000r\000e\000\040\000E\000n\000g\000i\000n\000e\000e\000r\000i\000n\000g}{subsection.3.4.3}% 33
\BOOKMARK [3][-]{subsubsection.3.4.3.2}{\376\377\000B\000.\000\040\000T\000r\000a\000i\000n\000i\000n\000g\000\040\000d\000a\000n\000\040\000V\000a\000l\000i\000d\000a\000s\000i}{subsection.3.4.3}% 34
\BOOKMARK [3][-]{subsubsection.3.4.3.3}{\376\377\000C\000.\000\040\000D\000e\000p\000l\000o\000y\000m\000e\000n\000t}{subsection.3.4.3}% 35
\BOOKMARK [1][-]{section.3.5}{\376\377\000R\000e\000n\000c\000a\000n\000a\000\040\000P\000e\000n\000g\000u\000j\000i\000a\000n}{chapter.3}% 36
\BOOKMARK [2][-]{subsection.3.5.1}{\376\377\000P\000e\000n\000g\000u\000j\000i\000a\000n\000\040\000F\000u\000n\000g\000s\000i\000o\000n\000a\000l}{section.3.5}% 37
\BOOKMARK [2][-]{subsection.3.5.2}{\376\377\000P\000e\000n\000g\000u\000j\000i\000a\000n\000\040\000K\000i\000n\000e\000r\000j\000a\000\040\000\050\000P\000e\000r\000f\000o\000r\000m\000a\000n\000c\000e\000\051}{section.3.5}% 38
\BOOKMARK [3][-]{subsubsection.3.5.2.1}{\376\377\000A\000.\000\040\000R\000e\000s\000p\000o\000n\000s\000e\000\040\000T\000i\000m\000e\000\040\000\050\000L\000a\000t\000e\000n\000c\000y\000\051}{subsection.3.5.2}% 39
\BOOKMARK [3][-]{subsubsection.3.5.2.2}{\376\377\000B\000.\000\040\000S\000y\000s\000t\000e\000m\000\040\000R\000e\000l\000i\000a\000b\000i\000l\000i\000t\000y}{subsection.3.5.2}% 40
\BOOKMARK [3][-]{subsubsection.3.5.2.3}{\376\377\000C\000.\000\040\000C\000o\000n\000c\000u\000r\000r\000e\000n\000t\000\040\000U\000s\000e\000r\000\040\000H\000a\000n\000d\000l\000i\000n\000g}{subsection.3.5.2}% 41
\BOOKMARK [2][-]{subsection.3.5.3}{\376\377\000E\000v\000a\000l\000u\000a\000s\000i\000\040\000A\000k\000u\000r\000a\000s\000i\000\040\000M\000a\000c\000h\000i\000n\000e\000\040\000L\000e\000a\000r\000n\000i\000n\000g}{section.3.5}% 42
\BOOKMARK [3][-]{subsubsection.3.5.3.1}{\376\377\000A\000.\000\040\000M\000e\000a\000n\000\040\000A\000b\000s\000o\000l\000u\000t\000e\000\040\000E\000r\000r\000o\000r\000\040\000\050\000M\000A\000E\000\051}{subsection.3.5.3}% 43
\BOOKMARK [3][-]{subsubsection.3.5.3.2}{\376\377\000B\000.\000\040\000R\000o\000o\000t\000\040\000M\000e\000a\000n\000\040\000S\000q\000u\000a\000r\000e\000d\000\040\000E\000r\000r\000o\000r\000\040\000\050\000R\000M\000S\000E\000\051}{subsection.3.5.3}% 44
\BOOKMARK [3][-]{subsubsection.3.5.3.3}{\376\377\000C\000.\000\040\000B\000a\000s\000e\000l\000i\000n\000e\000\040\000C\000o\000m\000p\000a\000r\000i\000s\000o\000n}{subsection.3.5.3}% 45
\BOOKMARK [3][-]{subsubsection.3.5.3.4}{\376\377\000D\000.\000\040\000I\000n\000t\000e\000r\000p\000r\000e\000t\000a\000s\000i\000\040\000H\000a\000s\000i\000l}{subsection.3.5.3}% 46
\BOOKMARK [2][-]{subsection.3.5.4}{\376\377\000P\000e\000n\000g\000u\000j\000i\000a\000n\000\040\000U\000s\000a\000b\000i\000l\000i\000t\000y}{section.3.5}% 47
\BOOKMARK [3][-]{subsubsection.3.5.4.1}{\376\377\000A\000.\000\040\000R\000e\000s\000p\000o\000n\000d\000e\000n}{subsection.3.5.4}% 48
\BOOKMARK [3][-]{subsubsection.3.5.4.2}{\376\377\000B\000.\000\040\000P\000r\000o\000s\000e\000d\000u\000r\000\040\000P\000e\000n\000g\000u\000j\000i\000a\000n}{subsection.3.5.4}% 49
\BOOKMARK [3][-]{subsubsection.3.5.4.3}{\376\377\000C\000.\000\040\000P\000e\000r\000h\000i\000t\000u\000n\000g\000a\000n\000\040\000S\000k\000o\000r\000\040\000S\000U\000S}{subsection.3.5.4}% 50
\BOOKMARK [3][-]{subsubsection.3.5.4.4}{\376\377\000D\000.\000\040\000K\000r\000i\000t\000e\000r\000i\000a\000\040\000K\000e\000b\000e\000r\000h\000a\000s\000i\000l\000a\000n}{subsection.3.5.4}% 51
\BOOKMARK [2][-]{subsection.3.5.5}{\376\377\000D\000o\000k\000u\000m\000e\000n\000t\000a\000s\000i\000\040\000H\000a\000s\000i\000l\000\040\000P\000e\000n\000g\000u\000j\000i\000a\000n}{section.3.5}% 52
\BOOKMARK [0][-]{section*.9}{\376\377\000D\000A\000F\000T\000A\000R\000\040\000P\000U\000S\000T\000A\000K\000A}{}% 53
\BOOKMARK [0][-]{chapter*.10}{\376\377\000L\000A\000M\000P\000I\000R\000A\000N}{}% 54
\BOOKMARK [1][-]{section.Alph0.1}{\376\377\000W\000o\000r\000k\000s\000h\000e\000e\000t\000\040\000P\000r\000o\000s\000e\000s\000\040\000R\000e\000v\000i\000e\000w\000\040\000P\000r\000o\000p\000o\000s\000a\000l\000\040\000A\000w\000a\000l}{chapter*.10}% 55
